//-------------------------- 6/23/2010 -- 21:27:39 -----
Processor Init:
   Intel Pentium III, ~2.60 Ghz
     (timed at roughly 2.61 Ghz)
   FPU detected
   MMX detected
   SSE detected
 
Math Init:
   Installing Standard C extensions
   Installing Assembly extensions
   Installing FPU extensions
   Installing MMX extensions
   Installing SSE extensions
 
Initializing platform...
Input Init:
   unknown0 input device created.
   unknown1 input device created.
   DirectInput enabled.

Done
Loading compiled script F:/new_game/GAME/Project1/Construction/ZoneServer/gameres/init.cs.
--------- Loading DIRS ---------
Loading compiled script F:/new_game/GAME/Project1/Construction/ZoneServer/gameres/main.cs.
Loading compiled script F:/new_game/GAME/Project1/Construction/ZoneServer/gameres/server/server.cs.

--------- Initializing MOD: MMORPG ---------
Loading compiled script F:/new_game/GAME/Project1/Construction/ZoneServer/gameres/server/defaults.cs.
Loading compiled script F:/new_game/GAME/Project1/Construction/ZoneServer/gameres/server/prefs.cs.

--------- Initializing 地图服务器: Server Scripts ---------
Missing file: F:/new_game/GAME/Project1/Construction/ZoneServer/gameres/server/message.cs!
Loading compiled script F:/new_game/GAME/Project1/Construction/ZoneServer/gameres/server/missionLoad.cs.
Loading compiled script F:/new_game/GAME/Project1/Construction/ZoneServer/gameres/server/missionDownload.cs.
Loading compiled script F:/new_game/GAME/Project1/Construction/ZoneServer/gameres/server/clientConnection.cs.
Missing file: F:/new_game/GAME/Project1/Construction/ZoneServer/gameres/server/game.cs!
Loading compiled script F:/new_game/GAME/Project1/Construction/ZoneServer/gameres/server/scripts/commands.cs.
Loading compiled script F:/new_game/GAME/Project1/Construction/ZoneServer/gameres/server/scripts/game.cs.
Loading compiled script F:/new_game/GAME/Project1/Construction/ZoneServer/gameres/data/repository/function.cs.
Loading compiled script F:/new_game/GAME/Project1/Construction/ZoneServer/gameres/Data/Quest/ServerMission.cs.
开始载入脚本ServerMission
Loading compiled script F:/new_game/GAME/Project1/Construction/ZoneServer/gameres/Data/Quest/C_S/C_S_Function.cs.
Loading compiled script F:/new_game/GAME/Project1/Construction/ZoneServer/gameres/Data/Quest/C_S/C_S_Final_Variables.cs.
Loading compiled script F:/new_game/GAME/Project1/Construction/ZoneServer/gameres/Data/Quest/C_S/C_S_Mission_Need.cs.
Loading compiled script F:/new_game/GAME/Project1/Construction/ZoneServer/gameres/Data/Quest/C_S/C_S_Mission_Reward.cs.
Loading compiled script F:/new_game/GAME/Project1/Construction/ZoneServer/gameres/Data/Quest/C_S/C_S_Prescription.cs.
Loading compiled script F:/new_game/GAME/Project1/Construction/ZoneServer/gameres/Data/Quest/C_S/C_S_FenJie_HeChen.cs.
Loading compiled script F:/new_game/GAME/Project1/Construction/ZoneServer/gameres/Data/Quest/C_S/C_S_Teacher.cs.
Loading compiled script F:/new_game/GAME/Project1/Construction/ZoneServer/gameres/Data/Quest/C_S/C_S_Teacher_Condition.cs.
Loading compiled script F:/new_game/GAME/Project1/Construction/ZoneServer/gameres/Data/Quest/C_S/C_S_Teacher_Door.cs.
Loading compiled script F:/new_game/GAME/Project1/Construction/ZoneServer/gameres/Data/Quest/C_S/C_S_Teacher_Reward.cs.
Loading compiled script F:/new_game/GAME/Project1/Construction/ZoneServer/gameres/Data/Quest/C_S/C_S_HideMap.cs.
Loading compiled script F:/new_game/GAME/Project1/Construction/ZoneServer/gameres/Data/Quest/C_S/C_S_HideMapTJ.cs.
Loading compiled script F:/new_game/GAME/Project1/Construction/ZoneServer/gameres/Data/Quest/C_S/C_S_HideMapXS.cs.
Loading compiled script F:/new_game/GAME/Project1/Construction/ZoneServer/gameres/Data/Quest/Server/S_Mission_Normal.cs.
Loading compiled script F:/new_game/GAME/Project1/Construction/ZoneServer/gameres/Data/Quest/Server/S_Mission_Special.cs.
Loading compiled script F:/new_game/GAME/Project1/Construction/ZoneServer/gameres/Data/Quest/Server/S_Function.cs.
Loading compiled script F:/new_game/GAME/Project1/Construction/ZoneServer/gameres/Data/Quest/Server/S_Trigger.cs.
Loading compiled script F:/new_game/GAME/Project1/Construction/ZoneServer/gameres/Data/Quest/Server/S_Npc_Job.cs.
Loading compiled script F:/new_game/GAME/Project1/Construction/ZoneServer/gameres/Data/Quest/Server/S_CopyMap.cs.
结束载入脚本ServerMission
Engine initialized...
Error connecting: No error
Error connecting: Bad file descriptor
Error connecting: Bad file descriptor
Error connecting: Bad file descriptor
Error connecting: Bad file descriptor
Error connecting: Bad file descriptor
Error connecting: Bad file descriptor
Error connecting: Bad file descriptor
Error connecting: Bad file descriptor
Error connecting: Bad file descriptor
Error connecting: Bad file descriptor
Error connecting: Bad file descriptor
Error connecting: Bad file descriptor
Error connecting: Bad file descriptor
Error connecting: Bad file descriptor
Error connecting: Bad file descriptor
Error connecting: Bad file descriptor
Error connecting: Bad file descriptor
Error connecting: Bad file descriptor
Error connecting: Bad file descriptor
Error connecting: Bad file descriptor
Error connecting: Bad file descriptor
Error connecting: Bad file descriptor
Error connecting: Bad file descriptor
Error connecting: Bad file descriptor
Error connecting: Bad file descriptor
Error connecting: Bad file descriptor
Error connecting: Bad file descriptor
Error connecting: Bad file descriptor
Error connecting: Bad file descriptor
Error connecting: Bad file descriptor
Error connecting: Bad file descriptor
Error connecting: Bad file descriptor
Error connecting: Bad file descriptor
Error connecting: Bad file descriptor
Error connecting: Bad file descriptor
Error connecting: Bad file descriptor
Error connecting: Bad file descriptor
Error connecting: Bad file descriptor
Error connecting: Bad file descriptor
Error connecting: Bad file descriptor
Error connecting: Bad file descriptor
Error connecting: Bad file descriptor
Error connecting: Bad file descriptor
Error connecting: Bad file descriptor
Error connecting: Bad file descriptor
Error connecting: Bad file descriptor
Error connecting: Bad file descriptor
Error connecting: Bad file descriptor
Error connecting: Bad file descriptor
Error connecting: Bad file descriptor
Error connecting: Bad file descriptor
Error connecting: Bad file descriptor
Error connecting: Bad file descriptor
Error connecting: Bad file descriptor
Error connecting: Bad file descriptor
Error connecting: Bad file descriptor
Error connecting: Bad file descriptor
Error connecting: Bad file descriptor
Error connecting: Bad file descriptor
Error connecting: Bad file descriptor
Error connecting: Bad file descriptor
Error connecting: Bad file descriptor
Error connecting: Bad file descriptor
Error connecting: Bad file descriptor
Error connecting: Bad file descriptor
Error connecting: Bad file descriptor
Error connecting: Bad file descriptor
Error connecting: Bad file descriptor
Error connecting: Bad file descriptor
Error connecting: Bad file descriptor
Error connecting: Bad file descriptor
Error connecting: Bad file descriptor
Error connecting: Bad file descriptor
Error connecting: Bad file descriptor
Error connecting: Bad file descriptor
Error connecting: Bad file descriptor
Error connecting: Bad file descriptor
Error connecting: Bad file descriptor
Error connecting: Bad file descriptor
Error connecting: Bad file descriptor
Error connecting: Bad file descriptor
Error connecting: Bad file descriptor
Error connecting: Bad file descriptor
Error connecting: Bad file descriptor
Error connecting: Bad file descriptor
Error connecting: Bad file descriptor
Error connecting: Bad file descriptor
Error connecting: Bad file descriptor
Error connecting: Bad file descriptor
Error connecting: Bad file descriptor
Error connecting: Bad file descriptor
Error connecting: Bad file descriptor
Error connecting: Bad file descriptor
Error connecting: Bad file descriptor
Error connecting: Bad file descriptor
Error connecting: Bad file descriptor
Error connecting: Bad file descriptor
Error connecting: Bad file descriptor
Error connecting: Bad file descriptor
Error connecting: Bad file descriptor
Error connecting: Bad file descriptor
Error connecting: Bad file descriptor
Error connecting: Bad file descriptor
Error connecting: Bad file descriptor
Error connecting: Bad file descriptor
Error connecting: Bad file descriptor
Error connecting: Bad file descriptor
Error connecting: Bad file descriptor
Error connecting: Bad file descriptor
Error connecting: Bad file descriptor
Error connecting: Bad file descriptor
Error connecting: Bad file descriptor
Error connecting: Bad file descriptor
Error connecting: Bad file descriptor
Error connecting: Bad file descriptor
Error connecting: Bad file descriptor
Error connecting: Bad file descriptor
Error connecting: Bad file descriptor
Error connecting: Bad file descriptor
Error connecting: Bad file descriptor
Error connecting: Bad file descriptor
Error connecting: Bad file descriptor
Error connecting: Bad file descriptor
Error connecting: Bad file descriptor
Error connecting: Bad file descriptor
Error connecting: Bad file descriptor
Error connecting: Bad file descriptor
Error connecting: Bad file descriptor
Error connecting: Bad file descriptor
Error connecting: Bad file descriptor
Error connecting: Bad file descriptor
Error connecting: Bad file descriptor
Error connecting: Bad file descriptor
Error connecting: Bad file descriptor
Error connecting: Bad file descriptor
Error connecting: Bad file descriptor
Error connecting: Bad file descriptor
Error connecting: Bad file descriptor
Error connecting: Bad file descriptor
Error connecting: Bad file descriptor
Error connecting: Bad file descriptor
Error connecting: Bad file descriptor
Error connecting: Bad file descriptor
Error connecting: Bad file descriptor
Error connecting: Bad file descriptor
Error connecting: Bad file descriptor
Error connecting: Bad file descriptor
Error connecting: Bad file descriptor
Error connecting: Bad file descriptor
Error connecting: Bad file descriptor
Error connecting: Bad file descriptor
Error connecting: Bad file descriptor
Error connecting: Bad file descriptor
Error connecting: Bad file descriptor
Error connecting: Bad file descriptor
Error connecting: Bad file descriptor
Error connecting: Bad file descriptor
Error connecting: Bad file descriptor
Error connecting: Bad file descriptor
Error connecting: Bad file descriptor
Error connecting: Bad file descriptor
Error connecting: Bad file descriptor
Error connecting: Bad file descriptor
Error connecting: Bad file descriptor
Error connecting: Bad file descriptor
Error connecting: Bad file descriptor
Error connecting: Bad file descriptor
Error connecting: Bad file descriptor
Error connecting: Bad file descriptor
Error connecting: Bad file descriptor
Error connecting: Bad file descriptor
Error connecting: Bad file descriptor
Error connecting: Bad file descriptor
Error connecting: Bad file descriptor
Error connecting: Bad file descriptor
Error connecting: Bad file descriptor
Error connecting: Bad file descriptor
Error connecting: Bad file descriptor
Error connecting: Bad file descriptor
Error connecting: Bad file descriptor
Error connecting: Bad file descriptor
Error connecting: Bad file descriptor
Error connecting: Bad file descriptor
Error connecting: Bad file descriptor
Error connecting: Bad file descriptor
Error connecting: Bad file descriptor
Error connecting: Bad file descriptor
Error connecting: Bad file descriptor
Error connecting: Bad file descriptor
Error connecting: Bad file descriptor
Error connecting: Bad file descriptor
Error connecting: Bad file descriptor
Error connecting: Bad file descriptor
Error connecting: Bad file descriptor
Error connecting: Bad file descriptor
Error connecting: Bad file descriptor
Error connecting: Bad file descriptor
Error connecting: Bad file descriptor
Error connecting: Bad file descriptor
Error connecting: Bad file descriptor
Error connecting: Bad file descriptor
Error connecting: Bad file descriptor
Error connecting: Bad file descriptor
Error connecting: Bad file descriptor
Error connecting: Bad file descriptor
Error connecting: Bad file descriptor
Error connecting: Bad file descriptor
Error connecting: Bad file descriptor
Error connecting: Bad file descriptor
Error connecting: Bad file descriptor
Error connecting: Bad file descriptor
Error connecting: Bad file descriptor
Error connecting: Bad file descriptor
Error connecting: Bad file descriptor
Error connecting: Bad file descriptor
Error connecting: Bad file descriptor
Error connecting: Bad file descriptor
Error connecting: Bad file descriptor
Error connecting: Bad file descriptor
Error connecting: Bad file descriptor
Error connecting: Bad file descriptor
Error connecting: Bad file descriptor
Error connecting: Bad file descriptor
Error connecting: Bad file descriptor
Error connecting: Bad file descriptor
Error connecting: Bad file descriptor
Error connecting: Bad file descriptor
Error connecting: Bad file descriptor
Error connecting: Bad file descriptor
Error connecting: Bad file descriptor
Error connecting: Bad file descriptor
Error connecting: Bad file descriptor
Error connecting: Bad file descriptor
Error connecting: Bad file descriptor
Error connecting: Bad file descriptor
Error connecting: Bad file descriptor
Error connecting: Bad file descriptor
Error connecting: Bad file descriptor
Error connecting: Bad file descriptor
Error connecting: Bad file descriptor
Error connecting: Bad file descriptor
Error connecting: Bad file descriptor
Error connecting: Bad file descriptor
Error connecting: Bad file descriptor
Error connecting: Bad file descriptor
Error connecting: Bad file descriptor
Error connecting: Bad file descriptor
Error connecting: Bad file descriptor
Error connecting: Bad file descriptor
Error connecting: Bad file descriptor
Error connecting: Bad file descriptor
Error connecting: Bad file descriptor
Error connecting: Bad file descriptor
Error connecting: Bad file descriptor
Error connecting: Bad file descriptor
Error connecting: Bad file descriptor
Error connecting: Bad file descriptor
Error connecting: Bad file descriptor
Error connecting: Bad file descriptor
Error connecting: Bad file descriptor
Error connecting: Bad file descriptor
Error connecting: Bad file descriptor
Error connecting: Bad file descriptor
Error connecting: Bad file descriptor
Error connecting: Bad file descriptor
Error connecting: Bad file descriptor
Error connecting: Bad file descriptor
Error connecting: Bad file descriptor
Error connecting: Bad file descriptor
Error connecting: Bad file descriptor
Error connecting: Bad file descriptor
Error connecting: Bad file descriptor
Error connecting: Bad file descriptor
Error connecting: Bad file descriptor
Error connecting: Bad file descriptor
Error connecting: Bad file descriptor
Error connecting: Bad file descriptor
Error connecting: Bad file descriptor
Error connecting: Bad file descriptor
Error connecting: Bad file descriptor
Error connecting: Bad file descriptor
Error connecting: Bad file descriptor
Error connecting: Bad file descriptor
Error connecting: Bad file descriptor
Error connecting: Bad file descriptor
Error connecting: Bad file descriptor
Error connecting: Bad file descriptor
Error connecting: Bad file descriptor
Error connecting: Bad file descriptor
Error connecting: Bad file descriptor
Error connecting: Bad file descriptor
Error connecting: Bad file descriptor
Error connecting: Bad file descriptor
Error connecting: Bad file descriptor
Error connecting: Bad file descriptor
Error connecting: Bad file descriptor
Error connecting: Bad file descriptor
Error connecting: Bad file descriptor
Error connecting: Bad file descriptor
Error connecting: Bad file descriptor
Error connecting: Bad file descriptor
Error connecting: Bad file descriptor
Error connecting: Bad file descriptor
Error connecting: Bad file descriptor
Error connecting: Bad file descriptor
Error connecting: Bad file descriptor
Error connecting: Bad file descriptor
Error connecting: Bad file descriptor
Error connecting: Bad file descriptor
Error connecting: Bad file descriptor
Error connecting: Bad file descriptor
Error connecting: Bad file descriptor
Error connecting: Bad file descriptor
Error connecting: Bad file descriptor
Error connecting: Bad file descriptor
Error connecting: Bad file descriptor
Error connecting: Bad file descriptor
Error connecting: Bad file descriptor
Error connecting: Bad file descriptor
Error connecting: Bad file descriptor
Error connecting: Bad file descriptor
Error connecting: Bad file descriptor
Error connecting: Bad file descriptor
Error connecting: Bad file descriptor
Error connecting: Bad file descriptor
Error connecting: Bad file descriptor
Error connecting: Bad file descriptor
Error connecting: Bad file descriptor
Error connecting: Bad file descriptor
Error connecting: Bad file descriptor
Error connecting: Bad file descriptor
Error connecting: Bad file descriptor
Error connecting: Bad file descriptor
Error connecting: Bad file descriptor
Error connecting: Bad file descriptor
Error connecting: Bad file descriptor
Error connecting: Bad file descriptor
Error connecting: Bad file descriptor
Error connecting: Bad file descriptor
Error connecting: Bad file descriptor
Error connecting: Bad file descriptor
Error connecting: Bad file descriptor
Error connecting: Bad file descriptor
Error connecting: Bad file descriptor
Error connecting: Bad file descriptor
Error connecting: Bad file descriptor
Error connecting: Bad file descriptor
Error connecting: Bad file descriptor
Error connecting: Bad file descriptor
Error connecting: Bad file descriptor
Error connecting: Bad file descriptor
Error connecting: Bad file descriptor
Error connecting: Bad file descriptor
Error connecting: Bad file descriptor
Error connecting: Bad file descriptor
Error connecting: Bad file descriptor
Error connecting: Bad file descriptor
Error connecting: Bad file descriptor
Error connecting: Bad file descriptor
Error connecting: Bad file descriptor
Error connecting: Bad file descriptor
Error connecting: Bad file descriptor
Error connecting: Bad file descriptor
Error connecting: Bad file descriptor
Error connecting: Bad file descriptor
Error connecting: Bad file descriptor
Error connecting: Bad file descriptor
Error connecting: Bad file descriptor
Error connecting: Bad file descriptor
Error connecting: Bad file descriptor
Error connecting: Bad file descriptor
Error connecting: Bad file descriptor
Error connecting: Bad file descriptor
Error connecting: Bad file descriptor
Error connecting: Bad file descriptor
Error connecting: Bad file descriptor
Error connecting: Bad file descriptor
Error connecting: Bad file descriptor
Error connecting: Bad file descriptor
Error connecting: Bad file descriptor
Error connecting: Bad file descriptor
Error connecting: Bad file descriptor
Error connecting: Bad file descriptor
Error connecting: Bad file descriptor
Error connecting: Bad file descriptor
Error connecting: Bad file descriptor
Error connecting: Bad file descriptor
Error connecting: Bad file descriptor
Error connecting: Bad file descriptor
Error connecting: Bad file descriptor
Error connecting: Bad file descriptor
Error connecting: Bad file descriptor
Error connecting: Bad file descriptor
Error connecting: Bad file descriptor
Error connecting: Bad file descriptor
Error connecting: Bad file descriptor
Error connecting: Bad file descriptor
Error connecting: Bad file descriptor
Error connecting: Bad file descriptor
Error connecting: Bad file descriptor
Error connecting: Bad file descriptor
Error connecting: Bad file descriptor
Error connecting: Bad file descriptor
Error connecting: Bad file descriptor
Error connecting: Bad file descriptor
Error connecting: Bad file descriptor
Error connecting: Bad file descriptor
Error connecting: Bad file descriptor
Error connecting: Bad file descriptor
Error connecting: Bad file descriptor
Error connecting: Bad file descriptor
Error connecting: Bad file descriptor
Error connecting: Bad file descriptor
Error connecting: Bad file descriptor
Error connecting: Bad file descriptor
Error connecting: Bad file descriptor
Error connecting: Bad file descriptor
Error connecting: Bad file descriptor
Error connecting: Bad file descriptor
Error connecting: Bad file descriptor
Error connecting: Bad file descriptor
Error connecting: Bad file descriptor
Error connecting: Bad file descriptor
Error connecting: Bad file descriptor
Error connecting: Bad file descriptor
Error connecting: Bad file descriptor
Error connecting: Bad file descriptor
Error connecting: Bad file descriptor
Error connecting: Bad file descriptor
Error connecting: Bad file descriptor
Error connecting: Bad file descriptor
Error connecting: Bad file descriptor
Error connecting: Bad file descriptor
Error connecting: Bad file descriptor
Error connecting: Bad file descriptor
Error connecting: Bad file descriptor
Error connecting: Bad file descriptor
Error connecting: Bad file descriptor
Error connecting: Bad file descriptor
Error connecting: Bad file descriptor
Error connecting: Bad file descriptor
Error connecting: Bad file descriptor
Error connecting: Bad file descriptor
Error connecting: Bad file descriptor
Error connecting: Bad file descriptor
Error connecting: Bad file descriptor
Error connecting: Bad file descriptor
Error connecting: Bad file descriptor
Error connecting: Bad file descriptor
Error connecting: Bad file descriptor
Error connecting: Bad file descriptor
Error connecting: Bad file descriptor
Error connecting: Bad file descriptor
Error connecting: Bad file descriptor
Error connecting: Bad file descriptor
Error connecting: Bad file descriptor
Error connecting: Bad file descriptor
Error connecting: Bad file descriptor
Error connecting: Bad file descriptor
Error connecting: Bad file descriptor
Error connecting: Bad file descriptor
Error connecting: Bad file descriptor
Error connecting: Bad file descriptor
Error connecting: Bad file descriptor
Error connecting: Bad file descriptor
Error connecting: Bad file descriptor
Error connecting: Bad file descriptor
Error connecting: Bad file descriptor
Error connecting: Bad file descriptor
Error connecting: Bad file descriptor
Error connecting: Bad file descriptor
Error connecting: Bad file descriptor
Error connecting: Bad file descriptor
Error connecting: Bad file descriptor
Error connecting: Bad file descriptor
Error connecting: Bad file descriptor
Error connecting: Bad file descriptor
Error connecting: Bad file descriptor
Error connecting: Bad file descriptor
Error connecting: Bad file descriptor
Error connecting: Bad file descriptor
Error connecting: Bad file descriptor
Error connecting: Bad file descriptor
Error connecting: Bad file descriptor
Error connecting: Bad file descriptor
Error connecting: Bad file descriptor
Error connecting: Bad file descriptor
Error connecting: Bad file descriptor
Error connecting: Bad file descriptor
Error connecting: Bad file descriptor
Error connecting: Bad file descriptor
Error connecting: Bad file descriptor
Error connecting: Bad file descriptor
Error connecting: Bad file descriptor
Error connecting: Bad file descriptor
Error connecting: Bad file descriptor
Error connecting: Bad file descriptor
Error connecting: Bad file descriptor
Error connecting: Bad file descriptor
Error connecting: Bad file descriptor
Error connecting: Bad file descriptor
Error connecting: Bad file descriptor
Error connecting: Bad file descriptor
Error connecting: Bad file descriptor
Error connecting: Bad file descriptor
Error connecting: Bad file descriptor
Error connecting: Bad file descriptor
Error connecting: Bad file descriptor
Error connecting: Bad file descriptor
Error connecting: Bad file descriptor
Error connecting: Bad file descriptor
Error connecting: Bad file descriptor
Error connecting: Bad file descriptor
Error connecting: Bad file descriptor
Error connecting: Bad file descriptor
Error connecting: Bad file descriptor
Error connecting: Bad file descriptor
Error connecting: Bad file descriptor
Error connecting: Bad file descriptor
Error connecting: Bad file descriptor
Error connecting: Bad file descriptor
Error connecting: Bad file descriptor
Error connecting: Bad file descriptor
Error connecting: Bad file descriptor
Error connecting: Bad file descriptor
Error connecting: Bad file descriptor
Error connecting: Bad file descriptor
Error connecting: Bad file descriptor
Error connecting: Bad file descriptor
Error connecting: Bad file descriptor
Error connecting: Bad file descriptor
Error connecting: Bad file descriptor
Error connecting: Bad file descriptor
Error connecting: Bad file descriptor
Error connecting: Bad file descriptor
Error connecting: Bad file descriptor
Error connecting: Bad file descriptor
Error connecting: Bad file descriptor
Error connecting: Bad file descriptor
Error connecting: Bad file descriptor
Error connecting: Bad file descriptor
Error connecting: Bad file descriptor
Error connecting: Bad file descriptor
Error connecting: Bad file descriptor
Error connecting: Bad file descriptor
Error connecting: Bad file descriptor
Error connecting: Bad file descriptor
Error connecting: Bad file descriptor
Error connecting: Bad file descriptor
Error connecting: Bad file descriptor
Error connecting: Bad file descriptor
Error connecting: Bad file descriptor
Error connecting: Bad file descriptor
Error connecting: Bad file descriptor
Error connecting: Bad file descriptor
Error connecting: Bad file descriptor
Error connecting: Bad file descriptor
Error connecting: Bad file descriptor
Error connecting: Bad file descriptor
Error connecting: Bad file descriptor
Error connecting: Bad file descriptor
Error connecting: Bad file descriptor
Error connecting: Bad file descriptor
Error connecting: Bad file descriptor
Error connecting: Bad file descriptor
Error connecting: Bad file descriptor
Error connecting: Bad file descriptor
Error connecting: Bad file descriptor
Error connecting: Bad file descriptor
Error connecting: Bad file descriptor
Error connecting: Bad file descriptor
Error connecting: Bad file descriptor
Error connecting: Bad file descriptor
Error connecting: Bad file descriptor
Error connecting: Bad file descriptor
Error connecting: Bad file descriptor
Error connecting: Bad file descriptor
Error connecting: Bad file descriptor
Error connecting: Bad file descriptor
Error connecting: Bad file descriptor
Error connecting: Bad file descriptor
Error connecting: Bad file descriptor
Error connecting: Bad file descriptor
Error connecting: Bad file descriptor
Error connecting: Bad file descriptor
Error connecting: Bad file descriptor
Error connecting: Bad file descriptor
Error connecting: Bad file descriptor
Error connecting: Bad file descriptor
Error connecting: Bad file descriptor
Error connecting: Bad file descriptor
Error connecting: Bad file descriptor
Error connecting: Bad file descriptor
Error connecting: Bad file descriptor
Error connecting: Bad file descriptor
Error connecting: Bad file descriptor
Error connecting: Bad file descriptor
Error connecting: Bad file descriptor
Error connecting: Bad file descriptor
Error connecting: Bad file descriptor
Error connecting: Bad file descriptor
Error connecting: Bad file descriptor
Error connecting: Bad file descriptor
Error connecting: Bad file descriptor
Error connecting: Bad file descriptor
Error connecting: Bad file descriptor
Error connecting: Bad file descriptor
Error connecting: Bad file descriptor
Error connecting: Bad file descriptor
Error connecting: Bad file descriptor
Error connecting: Bad file descriptor
Error connecting: Bad file descriptor
Error connecting: Bad file descriptor
Error connecting: Bad file descriptor
Error connecting: Bad file descriptor
Error connecting: Bad file descriptor
Error connecting: Bad file descriptor
Error connecting: Bad file descriptor
Error connecting: Bad file descriptor
Error connecting: Bad file descriptor
Error connecting: Bad file descriptor
Error connecting: Bad file descriptor
Error connecting: Bad file descriptor
Error connecting: Bad file descriptor
Error connecting: Bad file descriptor
Error connecting: Bad file descriptor
Error connecting: Bad file descriptor
Error connecting: Bad file descriptor
Error connecting: Bad file descriptor
Error connecting: Bad file descriptor
Error connecting: Bad file descriptor
Error connecting: Bad file descriptor
Error connecting: Bad file descriptor
Error connecting: Bad file descriptor
Error connecting: Bad file descriptor
Error connecting: Bad file descriptor
Error connecting: Bad file descriptor
Error connecting: Bad file descriptor
Error connecting: Bad file descriptor
Error connecting: Bad file descriptor
Error connecting: Bad file descriptor
Error connecting: Bad file descriptor
Error connecting: Bad file descriptor
Error connecting: Bad file descriptor
Error connecting: Bad file descriptor
Error connecting: Bad file descriptor
Error connecting: Bad file descriptor
Error connecting: Bad file descriptor
Error connecting: Bad file descriptor
Error connecting: Bad file descriptor
Error connecting: Bad file descriptor
Error connecting: Bad file descriptor
Error connecting: Bad file descriptor
Error connecting: Bad file descriptor
Error connecting: Bad file descriptor
Error connecting: Bad file descriptor
Error connecting: Bad file descriptor
Error connecting: Bad file descriptor
Error connecting: Bad file descriptor
Error connecting: Bad file descriptor
Error connecting: Bad file descriptor
Error connecting: Bad file descriptor
Error connecting: Bad file descriptor
Error connecting: Bad file descriptor
Error connecting: Bad file descriptor
Error connecting: Bad file descriptor
Error connecting: Bad file descriptor
Error connecting: Bad file descriptor
Error connecting: Bad file descriptor
Error connecting: Bad file descriptor
Error connecting: Bad file descriptor
Error connecting: Bad file descriptor
Error connecting: Bad file descriptor
Error connecting: Bad file descriptor
Error connecting: Bad file descriptor
Error connecting: Bad file descriptor
Error connecting: Bad file descriptor
Error connecting: Bad file descriptor
Error connecting: Bad file descriptor
Error connecting: Bad file descriptor
Error connecting: Bad file descriptor
Error connecting: Bad file descriptor
Error connecting: Bad file descriptor
Error connecting: Bad file descriptor
Error connecting: Bad file descriptor
Error connecting: Bad file descriptor
Error connecting: Bad file descriptor
Error connecting: Bad file descriptor
Error connecting: Bad file descriptor
Error connecting: Bad file descriptor
Error connecting: Bad file descriptor
Error connecting: Bad file descriptor
Error connecting: Bad file descriptor
Error connecting: Bad file descriptor
Error connecting: Bad file descriptor
Error connecting: Bad file descriptor
Error connecting: Bad file descriptor
Error connecting: Bad file descriptor
Error connecting: Bad file descriptor
Error connecting: Bad file descriptor
Error connecting: Bad file descriptor
Error connecting: Bad file descriptor
Error connecting: Bad file descriptor
Error connecting: Bad file descriptor
Error connecting: Bad file descriptor
Error connecting: Bad file descriptor
Error connecting: Bad file descriptor
Error connecting: Bad file descriptor
Error connecting: Bad file descriptor
Error connecting: Bad file descriptor
Error connecting: Bad file descriptor
Error connecting: Bad file descriptor
Error connecting: Bad file descriptor
Error connecting: Bad file descriptor
Error connecting: Bad file descriptor
Error connecting: Bad file descriptor
Error connecting: Bad file descriptor
Error connecting: Bad file descriptor
Error connecting: Bad file descriptor
Error connecting: Bad file descriptor
Error connecting: Bad file descriptor
Error connecting: Bad file descriptor
Error connecting: Bad file descriptor
Error connecting: Bad file descriptor
Error connecting: Bad file descriptor
Error connecting: Bad file descriptor
Error connecting: Bad file descriptor
Error connecting: Bad file descriptor
Error connecting: Bad file descriptor
Error connecting: Bad file descriptor
Error connecting: Bad file descriptor
Error connecting: Bad file descriptor
Error connecting: Bad file descriptor
Error connecting: Bad file descriptor
Error connecting: Bad file descriptor
Error connecting: Bad file descriptor
Error connecting: Bad file descriptor
Error connecting: Bad file descriptor
Error connecting: Bad file descriptor
Error connecting: Bad file descriptor
Error connecting: Bad file descriptor
Error connecting: Bad file descriptor
Error connecting: Bad file descriptor
Error connecting: Bad file descriptor
Error connecting: Bad file descriptor
Error connecting: Bad file descriptor
Error connecting: Bad file descriptor
Error connecting: Bad file descriptor
Error connecting: Bad file descriptor
Error connecting: Bad file descriptor
Error connecting: Bad file descriptor
Error connecting: Bad file descriptor
Error connecting: Bad file descriptor
Error connecting: Bad file descriptor
Error connecting: Bad file descriptor
Error connecting: Bad file descriptor
Error connecting: Bad file descriptor
Error connecting: Bad file descriptor
Error connecting: Bad file descriptor
Error connecting: Bad file descriptor
Error connecting: Bad file descriptor
Error connecting: Bad file descriptor
Error connecting: Bad file descriptor
Error connecting: Bad file descriptor
Error connecting: Bad file descriptor
Error connecting: Bad file descriptor
Error connecting: Bad file descriptor
Error connecting: Bad file descriptor
Error connecting: Bad file descriptor
Error connecting: Bad file descriptor
Error connecting: Bad file descriptor
Error connecting: Bad file descriptor
Error connecting: Bad file descriptor
Error connecting: Bad file descriptor
Error connecting: Bad file descriptor
Error connecting: Bad file descriptor
Error connecting: Bad file descriptor
Error connecting: Bad file descriptor
Error connecting: Bad file descriptor
Error connecting: Bad file descriptor
Error connecting: Bad file descriptor
Error connecting: Bad file descriptor
Error connecting: Bad file descriptor
Error connecting: Bad file descriptor
Error connecting: Bad file descriptor
Error connecting: Bad file descriptor
Error connecting: Bad file descriptor
Error connecting: Bad file descriptor
Error connecting: Bad file descriptor
Error connecting: Bad file descriptor
Error connecting: Bad file descriptor
Error connecting: Bad file descriptor
Error connecting: Bad file descriptor
Error connecting: Bad file descriptor
Error connecting: Bad file descriptor
Error connecting: Bad file descriptor
Error connecting: Bad file descriptor
Error connecting: Bad file descriptor
Error connecting: Bad file descriptor
Error connecting: Bad file descriptor
Error connecting: Bad file descriptor
Error connecting: Bad file descriptor
Error connecting: Bad file descriptor
Error connecting: Bad file descriptor
Error connecting: Bad file descriptor
Error connecting: Bad file descriptor
Error connecting: Bad file descriptor
Error connecting: Bad file descriptor
Error connecting: Bad file descriptor
Error connecting: Bad file descriptor
Error connecting: Bad file descriptor
Error connecting: Bad file descriptor
Error connecting: Bad file descriptor
Error connecting: Bad file descriptor
Error connecting: Bad file descriptor
Error connecting: Bad file descriptor
Error connecting: Bad file descriptor
Error connecting: Bad file descriptor
Error connecting: Bad file descriptor
Error connecting: Bad file descriptor
Error connecting: Bad file descriptor
Error connecting: Bad file descriptor
Error connecting: Bad file descriptor
Error connecting: Bad file descriptor
Error connecting: Bad file descriptor
Error connecting: Bad file descriptor
Error connecting: Bad file descriptor
Error connecting: Bad file descriptor
Error connecting: Bad file descriptor
Error connecting: Bad file descriptor
Error connecting: Bad file descriptor
Error connecting: Bad file descriptor
Error connecting: Bad file descriptor
Error connecting: Bad file descriptor
Error connecting: Bad file descriptor
Error connecting: Bad file descriptor
Error connecting: Bad file descriptor
Error connecting: Bad file descriptor
Error connecting: Bad file descriptor
Error connecting: Bad file descriptor
Error connecting: Bad file descriptor
Error connecting: Bad file descriptor
Error connecting: Bad file descriptor
Error connecting: Bad file descriptor
Error connecting: Bad file descriptor
Error connecting: Bad file descriptor
Error connecting: Bad file descriptor
Error connecting: Bad file descriptor
Error connecting: Bad file descriptor
Error connecting: Bad file descriptor
Error connecting: Bad file descriptor
Error connecting: Bad file descriptor
Error connecting: Bad file descriptor
Error connecting: Bad file descriptor
Error connecting: Bad file descriptor
Error connecting: Bad file descriptor
Error connecting: Bad file descriptor
Error connecting: Bad file descriptor
Error connecting: Bad file descriptor
Error connecting: Bad file descriptor
